[20:32:46] [main/INFO]: Loading Minecraft 1.20.4 with Fabric Loader 0.16.9
[20:32:46] [main/INFO]: Fabric is preparing JARs on first launch, this may take a few seconds...
[20:32:46] [main/INFO]: Loading 109 mods:
	- axiom 4.1.0
	   |-- com_moulberry_axiomclientapi_axiomclientapi_ 1.0.0
	   \-- com_moulberry_mixinconstraints 1.0.1
	- cicada 0.8.3+1.20.2-1.20.4
	- clientcommands 2.8.14
	   |-- betterconfig 1.2.1
	   |-- clientarguments 1.7
	   \-- net_fabricmc_mapping-io 0.5.1
	- cristellib 1.2.4
	   \-- blue_endless_jankson 1.2.3
	- do_a_barrel_roll 3.6.0+1.20.4
	   |-- fabric-permissions-api-v0 0.2-SNAPSHOT
	   \-- mixinsquared 0.1.1
	- essential-container 1.0.0
	   \-- essential-loader 1.2.3
	- expanded_ecosphere 3.3.1
	- fabric-api 0.97.2+1.20.4
	   |-- fabric-api-base 0.4.37+78d798af4f
	   |-- fabric-api-lookup-api-v1 1.6.50+82b1bb3e4f
	   |-- fabric-biome-api-v1 13.0.17+78d798af4f
	   |-- fabric-block-api-v1 1.0.17+3e2216cb4f
	   |-- fabric-block-view-api-v2 1.0.5+78d798af4f
	   |-- fabric-blockrenderlayer-v1 1.1.47+78d798af4f
	   |-- fabric-client-tags-api-v1 1.1.8+78d798af4f
	   |-- fabric-command-api-v1 1.2.42+f71b366f4f
	   |-- fabric-command-api-v2 2.2.21+78d798af4f
	   |-- fabric-commands-v0 0.2.59+df3654b34f
	   |-- fabric-containers-v0 0.1.88+df3654b34f
	   |-- fabric-content-registries-v0 5.0.16+78d798af4f
	   |-- fabric-convention-tags-v1 1.5.11+78d798af4f
	   |-- fabric-crash-report-info-v1 0.2.24+78d798af4f
	   |-- fabric-data-attachment-api-v1 1.1.5+b90db5744f
	   |-- fabric-data-generation-api-v1 13.2.6+5c0133444f
	   |-- fabric-dimensions-v1 2.1.63+6605d1a84f
	   |-- fabric-entity-events-v1 1.6.2+09fc25014f
	   |-- fabric-events-interaction-v0 0.7.2+389931eb4f
	   |-- fabric-events-lifecycle-v0 0.2.75+df3654b34f
	   |-- fabric-game-rule-api-v1 1.0.47+78d798af4f
	   |-- fabric-item-api-v1 2.3.0+bcdd12964f
	   |-- fabric-item-group-api-v1 4.0.27+ee30b13a4f
	   |-- fabric-key-binding-api-v1 1.0.42+78d798af4f
	   |-- fabric-keybindings-v0 0.2.40+df3654b34f
	   |-- fabric-lifecycle-events-v1 2.3.1+a67ffb5d4f
	   |-- fabric-loot-api-v2 2.1.10+78d798af4f
	   |-- fabric-message-api-v1 6.0.6+78d798af4f
	   |-- fabric-mining-level-api-v1 2.1.66+78d798af4f
	   |-- fabric-model-loading-api-v1 1.0.9+78d798af4f
	   |-- fabric-models-v0 0.4.8+9386d8a74f
	   |-- fabric-networking-api-v1 3.1.9+6abb6a4b4f
	   |-- fabric-object-builder-api-v1 13.1.0+dba1195c4f
	   |-- fabric-particles-v1 1.1.8+78d798af4f
	   |-- fabric-recipe-api-v1 2.0.22+78d798af4f
	   |-- fabric-registry-sync-v0 4.0.21+ee30b13a4f
	   |-- fabric-renderer-api-v1 3.2.5+78d798af4f
	   |-- fabric-renderer-indigo 1.5.6+d331d3144f
	   |-- fabric-renderer-registries-v1 3.2.54+df3654b34f
	   |-- fabric-rendering-data-attachment-v1 0.3.43+73761d2e4f
	   |-- fabric-rendering-fluids-v1 3.1.2+e761c6694f
	   |-- fabric-rendering-v0 1.1.57+df3654b34f
	   |-- fabric-rendering-v1 3.2.1+6fd945a04f
	   |-- fabric-resource-conditions-api-v1 2.3.15+78d798af4f
	   |-- fabric-resource-loader-v0 0.11.21+ee30b13a4f
	   |-- fabric-screen-api-v1 2.0.18+78d798af4f
	   |-- fabric-screen-handler-api-v1 1.3.57+78d798af4f
	   |-- fabric-sound-api-v1 1.0.18+78d798af4f
	   |-- fabric-transfer-api-v1 4.0.12+90f2d7b14f
	   \-- fabric-transitive-access-wideners-v1 5.0.15+78d798af4f
	- fabric-language-kotlin 1.10.19+kotlin.1.9.23
	   |-- org_jetbrains_kotlin_kotlin-reflect 1.9.23
	   |-- org_jetbrains_kotlin_kotlin-stdlib 1.9.23
	   |-- org_jetbrains_kotlin_kotlin-stdlib-jdk7 1.9.23
	   |-- org_jetbrains_kotlin_kotlin-stdlib-jdk8 1.9.23
	   |-- org_jetbrains_kotlinx_atomicfu-jvm 0.23.2
	   |-- org_jetbrains_kotlinx_kotlinx-coroutines-core-jvm 1.8.0
	   |-- org_jetbrains_kotlinx_kotlinx-coroutines-jdk8 1.8.0
	   |-- org_jetbrains_kotlinx_kotlinx-datetime-jvm 0.5.0
	   |-- org_jetbrains_kotlinx_kotlinx-serialization-cbor-jvm 1.6.3
	   |-- org_jetbrains_kotlinx_kotlinx-serialization-core-jvm 1.6.3
	   \-- org_jetbrains_kotlinx_kotlinx-serialization-json-jvm 1.6.3
	- fabricloader 0.16.9
	   \-- mixinextras 0.4.1
	- indium 1.0.30+mc1.20.4
	- inventoryprofilesnext 1.10.10
	- iris 1.6.17
	   |-- io_github_douira_glsl-transformer 2.0.0-pre13
	   |-- org_anarres_jcpp 1.4.14
	   \-- org_antlr_antlr4-runtime 4.11.1
	- java 17
	- lambdynlights 2.3.4+1.20.4
	   |-- pride 1.2.0+1.19.4
	   \-- spruceui 5.0.3+1.20.2
	- libipn 4.0.2
	- litematica 0.17.2
	- litematica_printer 3.2
	- malilib 0.18.1
	- minecraft 1.20.4
	- modmenu 9.1.0-beta.1
	- nbteditor 1.13.0
	- sodium 0.5.8+mc1.20.4
	- starlight 1.1.3+fabric.f5dcd1a
	- yet_another_config_lib_v3 3.3.2+1.20.4
	   |-- com_twelvemonkeys_common_common-image 3.10.0
	   |-- com_twelvemonkeys_common_common-io 3.10.0
	   |-- com_twelvemonkeys_common_common-lang 3.10.0
	   |-- com_twelvemonkeys_imageio_imageio-core 3.10.0
	   |-- com_twelvemonkeys_imageio_imageio-metadata 3.10.0
	   |-- com_twelvemonkeys_imageio_imageio-webp 3.10.0
	   |-- org_quiltmc_parsers_gson 0.2.1
	   \-- org_quiltmc_parsers_json 0.2.1
[20:32:52] [main/INFO]: SpongePowered MIXIN Subsystem Version=0.8.7 Source=file:/C:/Users/grund/curseforge/minecraft/Install/libraries/net/fabricmc/sponge-mixin/0.15.4+mixin.0.8.7/sponge-mixin-0.15.4+mixin.0.8.7.jar Service=Knot/Fabric Env=CLIENT
[20:32:52] [main/INFO]: Compatibility level set to JAVA_17
[20:32:52] [main/INFO]: Loading Mixin Plugin for Axiom/4.1.0
[20:32:52] [main/WARN]: Reference map 'betterconfig-refmap.json' for betterconfig.mixins.json could not be read. If this is a development environment you can ignore this message
[20:32:52] [main/WARN]: Reference map 'client-betterconfig-refmap.json' for betterconfig.mixins.client.json could not be read. If this is a development environment you can ignore this message
[20:32:52] [main/WARN]: Reference map 'expanded_ecosphere-fabric-refmap.json' for wwoo.mixins.json could not be read. If this is a development environment you can ignore this message
[20:32:52] [main/INFO]: Loaded configuration file for Sodium: 42 options available, 3 override(s) found
[20:32:52] [main/WARN]: Error loading class: net/caffeinemc/mods/sodium/client/render/chunk/compile/pipeline/BlockOcclusionCache (java.lang.ClassNotFoundException: net/caffeinemc/mods/sodium/client/render/chunk/compile/pipeline/BlockOcclusionCache)
[20:32:52] [main/WARN]: Error loading class: net/caffeinemc/mods/sodium/client/render/chunk/DefaultChunkRenderer (java.lang.ClassNotFoundException: net/caffeinemc/mods/sodium/client/render/chunk/DefaultChunkRenderer)
[20:32:53] [main/WARN]: Force-disabling mixin 'features.render.entity.CuboidMixin' as rule 'mixin.features.render.entity' (added by mods [iris]) disables it and children
[20:32:53] [main/WARN]: Force-disabling mixin 'features.render.entity.ModelPartMixin' as rule 'mixin.features.render.entity' (added by mods [iris]) disables it and children
[20:32:53] [main/WARN]: Force-disabling mixin 'features.render.entity.cull.EntityRendererMixin' as rule 'mixin.features.render.entity' (added by mods [iris]) disables it and children
[20:32:53] [main/WARN]: Force-disabling mixin 'features.render.entity.shadows.EntityRenderDispatcherMixin' as rule 'mixin.features.render.entity' (added by mods [iris]) disables it and children
[20:32:53] [main/WARN]: Force-disabling mixin 'features.render.gui.font.GlyphRendererMixin' as rule 'mixin.features.render.gui.font' (added by mods [iris]) disables it and children
[20:32:53] [main/WARN]: Force-disabling mixin 'features.render.world.sky.BackgroundRendererMixin' as rule 'mixin.features.render.world.sky' (added by mods [iris]) disables it and children
[20:32:53] [main/WARN]: Force-disabling mixin 'features.render.world.sky.ClientWorldMixin' as rule 'mixin.features.render.world.sky' (added by mods [iris]) disables it and children
[20:32:53] [main/WARN]: Force-disabling mixin 'features.render.world.sky.WorldRendererMixin' as rule 'mixin.features.render.world.sky' (added by mods [iris]) disables it and children
[20:32:53] [main/WARN]: Error loading class: org/jetbrains/annotations/ApiStatus$Internal (java.lang.ClassNotFoundException: org/jetbrains/annotations/ApiStatus$Internal)
[20:32:53] [main/INFO]: Updating stage1 to version 9 from jar:file:/C:/Users/grund/curseforge/minecraft/Instances/Two%20bros/.fabric/processedMods/essential-loader-1.2.3-74bf81a1b2c9c52.jar!/gg/essential/loader/stage0/stage1.jar
[20:32:54] [main/INFO]: Updating Essential Loader (stage2) version 1.6.3 (efcb6b821a2b6aca3ad9fdfcd01c8ae1) from https://cdn.essential.gg/mods/60d5dc9d8cea012849003e5b/66c2d4e6838c73048e9eba43/fabric_1-20-4.jar
[20:32:54] [main/INFO]: Starting Essential Loader (stage2) version 1.6.3 (efcb6b821a2b6aca3ad9fdfcd01c8ae1) [stable]
[20:32:54] [main/INFO]: Preparing download...
[20:32:54] [main/INFO]: Downloading 54409KB of updates...
[20:32:54] [main/INFO]: 1KB / 54409KB (0%)
[20:32:55] [main/INFO]: 50711KB / 54409KB (93%)
[20:32:55] [main/INFO]: 54409KB / 54409KB (100%)
[20:32:55] [main/INFO]: End of download.
[20:32:57] [main/INFO]: Starting Essential v1.3.5.5 (#6abf830543) [stable]
[20:32:57] [main/INFO]: Java: OpenJDK 64-Bit Server VM (v17.0.8) by Microsoft (Microsoft)
[20:32:57] [main/INFO]: Java Path: C:\Users\grund\curseforge\minecraft\Install\runtime\java-runtime-gamma\windows-x64\java-runtime-gamma\bin
[20:32:57] [main/INFO]: Java Info: mixed mode
[20:32:57] [main/INFO]: JVM Arguments: 
  - -XX:HeapDumpPath=MojangTricksIntelDriversForPerformance_javaw.exe_minecraft.exe.heapdump
  - -Xss1M
  - -Djava.library.path=C:\Users\grund\curseforge\minecraft\Install\bin\c86b6e857d87fed416f3ffb8e710a40cb8c03885
  - -Djna.tmpdir=C:\Users\grund\curseforge\minecraft\Install\bin\c86b6e857d87fed416f3ffb8e710a40cb8c03885
  - -Dorg.lwjgl.system.SharedLibraryExtractPath=C:\Users\grund\curseforge\minecraft\Install\bin\c86b6e857d87fed416f3ffb8e710a40cb8c03885
  - -Dio.netty.native.workdir=C:\Users\grund\curseforge\minecraft\Install\bin\c86b6e857d87fed416f3ffb8e710a40cb8c03885
  - -Dminecraft.launcher.brand=minecraft-launcher
  - -Dminecraft.launcher.version=3.5.17
  - -DFabricMcEmu= net.minecraft.client.main.Main 
  - -Xmx14944m
  - -Xms256m
  - -Dminecraft.applet.TargetDirectory=C:\Users\grund\curseforge\minecraft\Instances\Two bros
  - -Dfml.ignorePatchDiscrepancies=true
  - -Dfml.ignoreInvalidMinecraftCertificates=true
  - -Duser.language=en
  - -Duser.country=US
  - -DlibraryDirectory=C:\Users\grund\curseforge\minecraft\Install\libraries
  - -Dlog4j.configurationFile=C:\Users\grund\curseforge\minecraft\Install\assets\log_configs\client-1.12.xml
[20:32:57] [main/INFO]: OS: Windows 10 (v10.0) (Arch: amd64)
[20:32:57] [main/INFO]: Searching for graphics cards...
[20:32:57] [main/INFO]: Initializing MixinExtras via com.llamalad7.mixinextras.service.MixinExtrasServiceImpl(version=0.4.1).
[20:32:57] [main/INFO]: Found graphics card: GraphicsAdapterInfo[vendor=NVIDIA, name=NVIDIA GeForce GTX 1080, version=DriverVersion=32.0.15.6590]
[20:32:57] [main/WARN]: Sodium has applied one or more workarounds to prevent crashes or other issues on your system: [NVIDIA_THREADED_OPTIMIZATIONS]
[20:32:57] [main/WARN]: This is not necessarily an issue, but it may result in certain features or optimizations being disabled. You can sometimes fix these issues by upgrading your graphics driver.
[20:32:58] [main/WARN]: @Final field field_22786:Ljava/util/List; in mixins.ipnext.json:MixinScreen from mod inventoryprofilesnext should be final
[20:32:58] [main/WARN]: @Final field field_33815:Ljava/util/List; in mixins.ipnext.json:MixinScreen from mod inventoryprofilesnext should be final
[20:33:03] [Datafixer Bootstrap/INFO]: 198 Datafixer optimizations took 192 milliseconds
[20:33:06] [Render thread/INFO]: Environment: Environment[sessionHost=https://sessionserver.mojang.com, servicesHost=https://api.minecraftservices.com, name=PROD]
[20:33:06] [Render thread/INFO]: Setting user: MoonbeamMuffin
[20:33:06] [Render thread/INFO]: Starting DI!
[20:33:07] [Render thread/INFO]: Authenticating to Mojang as MoonbeamMuffin (c3d8395b-c127-4444-95b3-6874de11e85c)
[20:33:07] [Render thread/INFO]: Initializing Axiom/4.1.0. Build timestamp: 1725897708781
[20:33:07] [DefaultDispatcher-worker-3/INFO]: Connecting to Essential Connection Manager...
[20:33:07] [DefaultDispatcher-worker-3/INFO]: Using Default JreDnsResolver
[20:33:07] [DefaultDispatcher-worker-3/INFO]: Using Default JreSocketFactory
[20:33:07] [WebSocketConnectReadThread-102/INFO]: Connected to Essential Connection Manager.
[20:33:08] [Render thread/INFO]: Loading Expanded Ecosphere
[20:33:08] [Cicada thread 0/INFO]: [cicada] Hello, anyone there?
[20:33:08] [Cicada thread 0/INFO]: [do_a_barrel_roll] I'm here, ready to rumble!
[20:33:08] [Render thread/WARN]: [Expanded Ecosphere Updater] This version doesn't have an update index, skipping
[20:33:09] [Render thread/INFO]: [Indigo] Different rendering plugin detected; not applying Indigo.
[20:33:09] [Render thread/INFO]: [LambDynLights] Initializing LambDynamicLights...
[20:33:09] [Render thread/INFO]: [LambDynLights] Configuration loaded.
[20:33:09] [Worker-Main-1/INFO]: Checking mod updates...
[20:33:09] [Render thread/INFO]: Missing some settings from settings.json, fixing ...
[20:33:09] [Render thread/INFO]: OptiFine not detected.
[20:33:09] [Render thread/INFO]: Backend library: LWJGL version 3.3.2-snapshot
[20:33:10] [Worker-Main-1/INFO]: Update available for 'fabric-language-kotlin@1.10.19+kotlin.1.9.23', (-> 1.13.0+kotlin.2.1.0)
[20:33:10] [Worker-Main-1/INFO]: Update available for 'modmenu@9.1.0-beta.1', (-> 9.2.0)
[20:33:10] [Worker-Main-1/INFO]: Update available for 'iris@1.6.17', (-> 1.7.2+1.20.4)
[20:33:10] [Worker-Main-1/INFO]: Update available for 'inventoryprofilesnext@1.10.10', (-> fabric-1.20.3-1.10.11)
[20:33:10] [Worker-Main-1/INFO]: Update available for 'yet_another_config_lib_v3@3.3.2+1.20.4', (-> 3.6.2+1.20.4-fabric)
[20:33:10] [Worker-Main-1/INFO]: Update available for 'indium@1.0.30+mc1.20.4', (-> 1.0.31+mc1.20.4)
[20:33:10] [Worker-Main-1/INFO]: Update available for 'litematica@0.17.2', (-> 0.17.3)
[20:33:10] [Worker-Main-1/INFO]: Update available for 'cicada@0.8.3+1.20.2-1.20.4', (-> 0.9.2+1.20.2-1.20.4)
[20:33:10] [Worker-Main-1/INFO]: Update available for 'malilib@0.18.1', (-> 0.18.4-alpha.1)
[20:33:10] [Worker-Main-1/INFO]: Update available for 'axiom@4.1.0', (-> 4.1.1)
[20:33:10] [Worker-Main-1/INFO]: Update available for 'nbteditor@1.13.0', (-> 2.0.2)
[20:33:10] [Render thread/WARN]: Applying workaround: Prevent the NVIDIA OpenGL driver from using broken optimizations (NVIDIA_THREADED_OPTIMIZATIONS)
[20:33:10] [Render thread/INFO]: OpenGL Vendor: NVIDIA Corporation
[20:33:10] [Render thread/INFO]: OpenGL Renderer: NVIDIA GeForce GTX 1080/PCIe/SSE2
[20:33:10] [Render thread/INFO]: OpenGL Version: 3.2.0 NVIDIA 565.90
[20:33:10] [Render thread/INFO]: Debug functionality is disabled.
[20:33:10] [Render thread/INFO]: ARB_direct_state_access detected, enabling DSA.
[20:33:10] [Render thread/INFO]: Shaders are disabled because no valid shaderpack is selected
[20:33:10] [Render thread/INFO]: Shaders are disabled
[20:33:10] [Render thread/WARN]: Removed resource pack clientcommands from options because it is no longer compatible
[20:33:10] [Render thread/WARN]: Removed resource pack do_a_barrel_roll from options because it is no longer compatible
[20:33:10] [Render thread/WARN]: Removed resource pack essential from options because it is no longer compatible
[20:33:11] [ForkJoinPool.commonPool-worker-1/WARN]: [Iris Update Check] This version doesn't have an update index, skipping.
[20:33:12] [Render thread/INFO]: Hardware information:
[20:33:12] [Render thread/INFO]: CPU: 12x AMD Ryzen 5 5600G with Radeon Graphics 
[20:33:12] [Render thread/INFO]: GPU: NVIDIA GeForce GTX 1080/PCIe/SSE2 (Supports OpenGL 3.2.0 NVIDIA 565.90)
[20:33:12] [Render thread/INFO]: OS: Windows 10 (10.0)
[20:33:13] [Render thread/INFO]: Reloading ResourceManager: vanilla, fabric, axiom, betterconfig, cicada, clientcommands, cristellib, do_a_barrel_roll, essential, essential-container, essential-loader, expanded_ecosphere, fabric-api, fabric-api-base, fabric-api-lookup-api-v1, fabric-biome-api-v1, fabric-block-api-v1, fabric-block-view-api-v2, fabric-blockrenderlayer-v1, fabric-client-tags-api-v1, fabric-command-api-v1, fabric-command-api-v2, fabric-commands-v0, fabric-containers-v0, fabric-content-registries-v0, fabric-convention-tags-v1, fabric-crash-report-info-v1, fabric-data-attachment-api-v1, fabric-data-generation-api-v1, fabric-dimensions-v1, fabric-entity-events-v1, fabric-events-interaction-v0, fabric-events-lifecycle-v0, fabric-game-rule-api-v1, fabric-item-api-v1, fabric-item-group-api-v1, fabric-key-binding-api-v1, fabric-keybindings-v0, fabric-language-kotlin, fabric-lifecycle-events-v1, fabric-loot-api-v2, fabric-message-api-v1, fabric-mining-level-api-v1, fabric-model-loading-api-v1, fabric-models-v0, fabric-networking-api-v1, fabric-object-builder-api-v1, fabric-particles-v1, fabric-recipe-api-v1, fabric-registry-sync-v0, fabric-renderer-api-v1, fabric-renderer-indigo, fabric-renderer-registries-v1, fabric-rendering-data-attachment-v1, fabric-rendering-fluids-v1, fabric-rendering-v0, fabric-rendering-v1, fabric-resource-conditions-api-v1, fabric-resource-loader-v0, fabric-screen-api-v1, fabric-screen-handler-api-v1, fabric-sound-api-v1, fabric-transfer-api-v1, fabric-transitive-access-wideners-v1, fabricloader, indium, inventoryprofilesnext, iris, lambdynlights, libipn, litematica, litematica_printer, malilib, modmenu, nbteditor, pride, sodium, spruceui, starlight, yet_another_config_lib_v3, Essential Assets, essential
[20:33:13] [Render thread/INFO]: YACL is reloading images
[20:33:14] [Worker-Main-8/INFO]: Found unifont_all_no_pua-15.1.04.hex, loading
[20:33:14] [Render thread/INFO]: YACL has found 0 images
[20:33:14] [Render thread/INFO]: Using DearImGui config: config\axiom\imgui.ini
[20:33:15] [DefaultDispatcher-worker-11/INFO]: Connected to Discord as xstarlit_skyx
[20:33:17] [Render thread/WARN]: Missing sound for event: minecraft:item.goat_horn.play
[20:33:17] [Render thread/WARN]: Missing sound for event: minecraft:entity.goat.screaming.horn_break
[20:33:17] [Render thread/WARN]: Missing sound for event: minecraft:entity.generic.wind_burst
[20:33:17] [Render thread/INFO]: OpenAL initialized on device OpenAL Soft on Headphones (High Definition Audio Device)
[20:33:17] [Render thread/INFO]: Sound engine started
[20:33:18] [Render thread/INFO]: Created: 1024x512x4 minecraft:textures/atlas/blocks.png-atlas
[20:33:18] [Render thread/INFO]: Created: 256x256x4 minecraft:textures/atlas/signs.png-atlas
[20:33:18] [Render thread/INFO]: Created: 512x512x4 minecraft:textures/atlas/shield_patterns.png-atlas
[20:33:18] [Render thread/INFO]: Created: 512x512x4 minecraft:textures/atlas/banner_patterns.png-atlas
[20:33:18] [Render thread/INFO]: Created: 1024x1024x4 minecraft:textures/atlas/armor_trims.png-atlas
[20:33:18] [Render thread/INFO]: Created: 128x64x4 minecraft:textures/atlas/decorated_pot.png-atlas
[20:33:18] [Render thread/INFO]: Created: 256x256x4 minecraft:textures/atlas/chest.png-atlas
[20:33:18] [Render thread/INFO]: Created: 512x256x4 minecraft:textures/atlas/shulker_boxes.png-atlas
[20:33:18] [Render thread/INFO]: Created: 512x256x4 minecraft:textures/atlas/beds.png-atlas
[20:33:18] [Render thread/WARN]: Shader rendertype_entity_translucent_emissive could not find sampler named Sampler2 in the specified shader program.
[20:33:18] [Render thread/INFO]: Created: 512x256x0 minecraft:textures/atlas/particles.png-atlas
[20:33:18] [Render thread/INFO]: Created: 256x256x0 minecraft:textures/atlas/paintings.png-atlas
[20:33:18] [Render thread/INFO]: Created: 128x128x0 minecraft:textures/atlas/mob_effects.png-atlas
[20:33:18] [Render thread/INFO]: Created: 1024x1024x0 minecraft:textures/atlas/gui.png-atlas
[20:33:19] [Render thread/WARN]: Shader cabb2374eda405e66b897908637abd1da5deac52 could not find uniform named subpixel_amount in the specified shader program.
[20:33:20] [NBTEditor/Async/UpdateChecker/WARN]: NBT Editor is outdated! (2.0.2 > 1.13.0)
[20:35:51] [Render thread/INFO]: Creating pipeline for dimension NamespacedId{namespace='minecraft', name='overworld'}
[20:51:23] [Render thread/INFO]: Reloading ResourceManager: vanilla, fabric, axiom, betterconfig, cicada, clientcommands, cristellib, do_a_barrel_roll, essential, essential-container, essential-loader, expanded_ecosphere, fabric-api, fabric-api-base, fabric-api-lookup-api-v1, fabric-biome-api-v1, fabric-block-api-v1, fabric-block-view-api-v2, fabric-blockrenderlayer-v1, fabric-client-tags-api-v1, fabric-command-api-v1, fabric-command-api-v2, fabric-commands-v0, fabric-containers-v0, fabric-content-registries-v0, fabric-convention-tags-v1, fabric-crash-report-info-v1, fabric-data-attachment-api-v1, fabric-data-generation-api-v1, fabric-dimensions-v1, fabric-entity-events-v1, fabric-events-interaction-v0, fabric-events-lifecycle-v0, fabric-game-rule-api-v1, fabric-item-api-v1, fabric-item-group-api-v1, fabric-key-binding-api-v1, fabric-keybindings-v0, fabric-language-kotlin, fabric-lifecycle-events-v1, fabric-loot-api-v2, fabric-message-api-v1, fabric-mining-level-api-v1, fabric-model-loading-api-v1, fabric-models-v0, fabric-networking-api-v1, fabric-object-builder-api-v1, fabric-particles-v1, fabric-recipe-api-v1, fabric-registry-sync-v0, fabric-renderer-api-v1, fabric-renderer-indigo, fabric-renderer-registries-v1, fabric-rendering-data-attachment-v1, fabric-rendering-fluids-v1, fabric-rendering-v0, fabric-rendering-v1, fabric-resource-conditions-api-v1, fabric-resource-loader-v0, fabric-screen-api-v1, fabric-screen-handler-api-v1, fabric-sound-api-v1, fabric-transfer-api-v1, fabric-transitive-access-wideners-v1, fabricloader, indium, inventoryprofilesnext, iris, lambdynlights, libipn, litematica, litematica_printer, malilib, modmenu, nbteditor, pride, sodium, spruceui, starlight, yet_another_config_lib_v3, Essential Assets, essential
[20:51:23] [Render thread/INFO]: YACL is reloading images
[20:51:23] [Worker-Main-20/INFO]: Found unifont_all_no_pua-15.1.04.hex, loading
[20:51:23] [Render thread/INFO]: YACL has found 0 images
[20:51:25] [Render thread/WARN]: Missing sound for event: minecraft:item.goat_horn.play
[20:51:25] [Render thread/WARN]: Missing sound for event: minecraft:entity.goat.screaming.horn_break
[20:51:25] [Render thread/WARN]: Missing sound for event: minecraft:entity.generic.wind_burst
[20:51:25] [Render thread/INFO]: OpenAL initialized on device OpenAL Soft on Headphones (High Definition Audio Device)
[20:51:25] [Render thread/INFO]: Sound engine started
[20:51:25] [Render thread/INFO]: Created: 1024x512x4 minecraft:textures/atlas/blocks.png-atlas
[20:51:25] [Render thread/INFO]: Created: 256x256x4 minecraft:textures/atlas/signs.png-atlas
[20:51:25] [Render thread/INFO]: Created: 512x512x4 minecraft:textures/atlas/shield_patterns.png-atlas
[20:51:25] [Render thread/INFO]: Created: 512x512x4 minecraft:textures/atlas/banner_patterns.png-atlas
[20:51:25] [Render thread/INFO]: Created: 1024x1024x4 minecraft:textures/atlas/armor_trims.png-atlas
[20:51:25] [Render thread/INFO]: Created: 128x64x4 minecraft:textures/atlas/decorated_pot.png-atlas
[20:51:25] [Render thread/INFO]: Created: 256x256x4 minecraft:textures/atlas/chest.png-atlas
[20:51:25] [Render thread/INFO]: Created: 512x256x4 minecraft:textures/atlas/shulker_boxes.png-atlas
[20:51:25] [Render thread/INFO]: Created: 512x256x4 minecraft:textures/atlas/beds.png-atlas
[20:51:25] [Render thread/WARN]: Shader rendertype_entity_translucent_emissive could not find sampler named Sampler2 in the specified shader program.
[20:51:25] [Render thread/INFO]: Created: 512x256x0 minecraft:textures/atlas/particles.png-atlas
[20:51:25] [Render thread/INFO]: Created: 256x256x0 minecraft:textures/atlas/paintings.png-atlas
[20:51:25] [Render thread/INFO]: Created: 128x128x0 minecraft:textures/atlas/mob_effects.png-atlas
[20:51:25] [Render thread/INFO]: Created: 1024x1024x0 minecraft:textures/atlas/gui.png-atlas
[20:52:07] [Render thread/INFO]: Loaded 7 recipes
[20:52:07] [Render thread/INFO]: Loaded 1272 advancements
[20:52:12] [Render thread/INFO]: Loaded 7 recipes
[20:52:12] [Render thread/INFO]: Loaded 1272 advancements
[20:52:12] [Render thread/INFO]: Applied 0 biome modifications to 0 of 253 new biomes in 2.066 ms
[20:52:12] [Server thread/INFO]: Starting integrated minecraft server version 1.20.4
[20:52:12] [Server thread/INFO]: Generating keypair
[20:52:13] [Server thread/INFO]: Preparing start region for dimension minecraft:overworld
[20:52:16] [Render thread/INFO]: Preparing spawn area: 0%
[20:52:16] [Render thread/INFO]: Preparing spawn area: 0%
[20:52:16] [Render thread/INFO]: Preparing spawn area: 0%
[20:52:16] [Render thread/INFO]: Preparing spawn area: 0%
[20:52:16] [Render thread/INFO]: Preparing spawn area: 0%
[20:52:16] [Render thread/INFO]: Preparing spawn area: 0%
[20:52:16] [Render thread/INFO]: Preparing spawn area: 0%
[20:52:17] [Render thread/INFO]: Preparing spawn area: 20%
[20:52:17] [Render thread/INFO]: Time elapsed: 3950 ms
[20:52:17] [Server thread/INFO]: Changing view distance to 12, from 10
[20:52:17] [Server thread/INFO]: Changing simulation distance to 12, from 0
[20:52:18] [Server thread/INFO]: MoonbeamMuffin[local:E:de610500] logged in with entity id 535 at (-486.0297952287833, 99.64559635089593, 1181.6501148139441)
[20:52:18] [Netty Local Client IO #0/INFO]: [do_a_barrel_roll] Received config from server
[20:52:18] [Server thread/INFO]: MoonbeamMuffin joined the game
[20:52:18] [Render thread/INFO]: Reloading pipeline on dimension change: NamespacedId{namespace='minecraft', name='overworld'} => NamespacedId{namespace='minecraft', name='overworld'}
[20:52:18] [Render thread/INFO]: Destroying pipeline NamespacedId{namespace='minecraft', name='overworld'}
[20:52:18] [Render thread/INFO]: Creating pipeline for dimension NamespacedId{namespace='minecraft', name='overworld'}
[20:52:18] [Netty Server IO #1/INFO]: [do_a_barrel_roll] Client of MoonbeamMuffin accepted server config.
[20:52:18] [Render thread/INFO]: Started 6 worker threads
[20:52:19] [Render thread/INFO]: [Inventory Profiles Next] Loaded 0 external GUI hints
[20:52:19] [Render thread/INFO]: [Inventory Profiles Next] Loaded 797 build-in GUI hints
[20:52:19] [Render thread/INFO]: [Inventory Profiles Next] Effective GUI hints after merge: 797
[20:52:19] [Render thread/WARN]: Ambiguity between arguments [cfind, --keep-searching] and [cfind, filter] with inputs: [--keep-searching]
[20:52:19] [Render thread/WARN]: Ambiguity between arguments [cfind, -k] and [cfind, filter] with inputs: [-k]
[20:52:19] [Render thread/WARN]: Ambiguity between arguments [cusagetree, --all] and [cusagetree, command] with inputs: [--all]
[20:52:19] [Render thread/WARN]: Ambiguity between arguments [cusagetree, -a] and [cusagetree, command] with inputs: [-a]
[20:52:19] [Render thread/INFO]: Using 3 total BufferBuilder caches
[20:52:19] [Render thread/WARN]: Unable to read property: east with value: false for blockstate: {Name:"minecraft:cobblestone_wall",Properties:{east:"false",north:"false",south:"false",up:"false",west:"false"}}
[20:52:19] [Render thread/WARN]: Unable to read property: south with value: false for blockstate: {Name:"minecraft:cobblestone_wall",Properties:{east:"false",north:"false",south:"false",up:"false",west:"false"}}
[20:52:19] [Render thread/WARN]: Unable to read property: north with value: false for blockstate: {Name:"minecraft:cobblestone_wall",Properties:{east:"false",north:"false",south:"false",up:"false",west:"false"}}
[20:52:19] [Render thread/WARN]: Unable to read property: west with value: false for blockstate: {Name:"minecraft:cobblestone_wall",Properties:{east:"false",north:"false",south:"false",up:"false",west:"false"}}
[20:52:19] [Render thread/WARN]: Unable to read property: east with value: false for blockstate: {Name:"minecraft:mossy_cobblestone_wall",Properties:{east:"false",north:"false",south:"false",up:"false",west:"false"}}
[20:52:19] [Render thread/WARN]: Unable to read property: south with value: false for blockstate: {Name:"minecraft:mossy_cobblestone_wall",Properties:{east:"false",north:"false",south:"false",up:"false",west:"false"}}
[20:52:19] [Render thread/WARN]: Unable to read property: north with value: false for blockstate: {Name:"minecraft:mossy_cobblestone_wall",Properties:{east:"false",north:"false",south:"false",up:"false",west:"false"}}
[20:52:19] [Render thread/WARN]: Unable to read property: west with value: false for blockstate: {Name:"minecraft:mossy_cobblestone_wall",Properties:{east:"false",north:"false",south:"false",up:"false",west:"false"}}
[20:52:19] [Render thread/WARN]: Ambiguity between arguments [clientchest, page] and [clientchest, name] with inputs: [0, -123, 123]
[20:52:19] [Render thread/WARN]: Ambiguity between arguments [chest, page] and [chest, name] with inputs: [0, -123, 123]
[20:52:19] [Render thread/WARN]: Ambiguity between arguments [storage, page] and [storage, name] with inputs: [0, -123, 123]
[20:52:19] [Render thread/WARN]: Ambiguity between arguments [itemfactory, display, lore, add, line] and [itemfactory, display, lore, add, text] with inputs: [0, -123, 123]
[20:52:19] [Render thread/WARN]: Ambiguity between arguments [itemfactory, display, lore, set, line] and [itemfactory, display, lore, set, text] with inputs: [0, -123, 123]
[20:52:19] [Render thread/INFO]: Loaded 240 advancements
[20:52:19] [Render thread/WARN]: Received passengers for unknown entity
[20:52:19] [Render thread/WARN]: Received passengers for unknown entity
[20:52:19] [Render thread/WARN]: Received passengers for unknown entity
[20:52:19] [Render thread/WARN]: Received passengers for unknown entity
[20:52:19] [Render thread/WARN]: Received passengers for unknown entity
[20:52:19] [Render thread/WARN]: Received passengers for unknown entity
[20:52:19] [Render thread/WARN]: Received passengers for unknown entity
[20:52:19] [Render thread/WARN]: Received passengers for unknown entity
[20:52:19] [Render thread/WARN]: Received passengers for unknown entity
[20:52:19] [Render thread/WARN]: Received passengers for unknown entity
[20:52:19] [Render thread/WARN]: Received passengers for unknown entity
[20:52:19] [Render thread/WARN]: Received passengers for unknown entity
[20:52:19] [Render thread/WARN]: Received passengers for unknown entity
[20:52:19] [Render thread/WARN]: Received passengers for unknown entity
[20:52:19] [Render thread/WARN]: Received passengers for unknown entity
[20:52:19] [Render thread/WARN]: Received passengers for unknown entity
[20:52:19] [Render thread/WARN]: Received passengers for unknown entity
[20:52:19] [Render thread/WARN]: Received passengers for unknown entity
[20:52:19] [Render thread/WARN]: Received passengers for unknown entity
[20:52:19] [Render thread/WARN]: Received passengers for unknown entity
[20:52:19] [Render thread/WARN]: Received passengers for unknown entity
[20:52:19] [Render thread/WARN]: Received passengers for unknown entity
[20:52:19] [Render thread/WARN]: Received passengers for unknown entity
[20:52:19] [Render thread/WARN]: Received passengers for unknown entity
[20:52:19] [Render thread/WARN]: Received passengers for unknown entity
[20:52:19] [Render thread/WARN]: Received passengers for unknown entity
[20:52:19] [Render thread/WARN]: Received passengers for unknown entity
[20:52:19] [Render thread/WARN]: Received passengers for unknown entity
[20:52:19] [Render thread/WARN]: Received passengers for unknown entity
[20:52:19] [Render thread/WARN]: Received passengers for unknown entity
[20:52:19] [Render thread/WARN]: Received passengers for unknown entity
[20:52:19] [Render thread/WARN]: Received passengers for unknown entity
[20:52:19] [Render thread/WARN]: Received passengers for unknown entity
[20:52:19] [Render thread/WARN]: Received passengers for unknown entity
[20:52:19] [Render thread/WARN]: Received passengers for unknown entity
[20:52:19] [Render thread/WARN]: Received passengers for unknown entity
[20:52:19] [Render thread/WARN]: Received passengers for unknown entity
[20:52:19] [Render thread/WARN]: Received passengers for unknown entity
[20:52:19] [Render thread/WARN]: Received passengers for unknown entity
[20:52:19] [Render thread/WARN]: Received passengers for unknown entity
[20:52:19] [Render thread/WARN]: Received passengers for unknown entity
[20:52:19] [Render thread/WARN]: Received passengers for unknown entity
[20:52:19] [Render thread/WARN]: Received passengers for unknown entity
[20:52:19] [Render thread/WARN]: Received passengers for unknown entity
[20:52:19] [Render thread/WARN]: Received passengers for unknown entity
[20:52:19] [Render thread/WARN]: Received passengers for unknown entity
[20:52:19] [Render thread/WARN]: Received passengers for unknown entity
[20:52:19] [Render thread/WARN]: Received passengers for unknown entity
[20:52:19] [Render thread/WARN]: Received passengers for unknown entity
[20:52:19] [Render thread/WARN]: Received passengers for unknown entity
[20:52:19] [Render thread/WARN]: Received passengers for unknown entity
[20:52:19] [Render thread/WARN]: Received passengers for unknown entity
[20:52:19] [Render thread/WARN]: Received passengers for unknown entity
[20:52:19] [Render thread/WARN]: Received passengers for unknown entity
[20:52:19] [Render thread/WARN]: Received passengers for unknown entity
[20:52:19] [Render thread/WARN]: Received passengers for unknown entity
[20:52:19] [Render thread/WARN]: Received passengers for unknown entity
[20:52:19] [Render thread/WARN]: Received passengers for unknown entity
[20:52:19] [Render thread/WARN]: Received passengers for unknown entity
[20:52:19] [Render thread/WARN]: Received passengers for unknown entity
[20:52:19] [Render thread/WARN]: Received passengers for unknown entity
[20:52:20] [Render thread/INFO]: [STDOUT]: Initializing printer, player: class_746['MoonbeamMuffin'/535, l='ClientLevel', x=-486.03, y=99.65, z=1181.65], client: net.minecraft.class_310@75b67eb1
[20:52:20] [Server thread/INFO]: Saving and pausing game...
[20:52:20] [Server thread/INFO]: Saving chunks for level 'ServerLevel[Two bros chillen in a hot tub]'/minecraft:overworld
[20:52:22] [Server thread/INFO]: Saving chunks for level 'ServerLevel[Two bros chillen in a hot tub]'/minecraft:the_end
[20:52:22] [Server thread/INFO]: Saving chunks for level 'ServerLevel[Two bros chillen in a hot tub]'/minecraft:the_nether
[20:52:31] [Render thread/WARN]: Received passengers for unknown entity
[20:52:31] [Render thread/WARN]: Received passengers for unknown entity
[20:52:31] [Render thread/WARN]: Received passengers for unknown entity
[20:52:31] [Render thread/WARN]: Received passengers for unknown entity
[20:52:31] [Render thread/WARN]: Received passengers for unknown entity
[20:52:31] [Render thread/WARN]: Received passengers for unknown entity
[20:52:31] [Render thread/WARN]: Received passengers for unknown entity
[20:52:31] [Render thread/WARN]: Received passengers for unknown entity
[20:52:31] [Render thread/WARN]: Received passengers for unknown entity
[20:52:31] [Render thread/WARN]: Received passengers for unknown entity
[20:52:31] [Render thread/WARN]: Received passengers for unknown entity
[20:52:31] [Render thread/WARN]: Received passengers for unknown entity
[20:52:31] [Render thread/WARN]: Received passengers for unknown entity
[20:52:31] [Render thread/WARN]: Received passengers for unknown entity
[20:52:31] [Render thread/WARN]: Received passengers for unknown entity
[20:52:31] [Render thread/WARN]: Received passengers for unknown entity
[20:52:31] [Render thread/WARN]: Received passengers for unknown entity
[20:52:31] [Render thread/WARN]: Received passengers for unknown entity
[20:52:31] [Render thread/WARN]: Received passengers for unknown entity
[20:52:31] [Render thread/WARN]: Received passengers for unknown entity
[20:52:31] [Render thread/WARN]: Received passengers for unknown entity
[20:52:31] [Render thread/WARN]: Received passengers for unknown entity
[20:52:31] [Render thread/WARN]: Received passengers for unknown entity
[20:52:31] [Render thread/WARN]: Received passengers for unknown entity
[20:52:31] [Render thread/WARN]: Received passengers for unknown entity
[20:52:31] [Render thread/WARN]: Received passengers for unknown entity
[20:52:31] [Render thread/WARN]: Received passengers for unknown entity
[20:52:31] [Render thread/WARN]: Received passengers for unknown entity
[20:52:31] [Render thread/WARN]: Received passengers for unknown entity
[20:52:31] [Render thread/WARN]: Received passengers for unknown entity
[20:52:31] [Render thread/WARN]: Received passengers for unknown entity
[20:52:31] [Render thread/WARN]: Received passengers for unknown entity
[20:52:31] [Render thread/WARN]: Received passengers for unknown entity
[20:52:31] [Render thread/WARN]: Received passengers for unknown entity
[20:52:31] [Render thread/WARN]: Received passengers for unknown entity
[20:52:31] [Render thread/WARN]: Received passengers for unknown entity
[20:52:31] [Render thread/WARN]: Received passengers for unknown entity
[20:52:31] [Render thread/WARN]: Received passengers for unknown entity
[20:52:31] [Render thread/WARN]: Received passengers for unknown entity
[20:52:31] [Render thread/WARN]: Received passengers for unknown entity
[20:52:31] [Render thread/WARN]: Received passengers for unknown entity
[20:52:31] [Render thread/WARN]: Received passengers for unknown entity
[20:52:31] [Render thread/WARN]: Received passengers for unknown entity
[20:52:31] [Render thread/WARN]: Received passengers for unknown entity
[20:52:31] [Render thread/WARN]: Received passengers for unknown entity
[20:52:31] [Render thread/WARN]: Received passengers for unknown entity
[20:52:31] [Render thread/WARN]: Received passengers for unknown entity
[20:52:31] [Render thread/WARN]: Received passengers for unknown entity
[20:52:31] [Render thread/WARN]: Received passengers for unknown entity
[20:52:31] [Render thread/WARN]: Received passengers for unknown entity
[20:52:31] [Render thread/WARN]: Received passengers for unknown entity
[20:52:31] [Render thread/WARN]: Received passengers for unknown entity
[20:52:31] [Render thread/WARN]: Received passengers for unknown entity
[20:52:31] [Render thread/WARN]: Received passengers for unknown entity
[20:52:33] [Render thread/WARN]: Received passengers for unknown entity
[20:52:33] [Render thread/WARN]: Received passengers for unknown entity
[20:52:33] [Render thread/WARN]: Received passengers for unknown entity
[20:52:33] [Render thread/WARN]: Received passengers for unknown entity
[20:52:33] [Render thread/WARN]: Received passengers for unknown entity
[20:52:33] [Render thread/WARN]: Received passengers for unknown entity
[20:52:33] [Render thread/WARN]: Received passengers for unknown entity
[20:52:33] [Render thread/WARN]: Received passengers for unknown entity
[20:52:33] [Render thread/WARN]: Received passengers for unknown entity
[20:52:33] [Render thread/WARN]: Received passengers for unknown entity
[20:52:33] [Render thread/WARN]: Received passengers for unknown entity
[20:52:33] [Render thread/WARN]: Received passengers for unknown entity
[20:52:33] [Render thread/WARN]: Received passengers for unknown entity
[20:52:33] [Render thread/WARN]: Received passengers for unknown entity
[20:52:33] [Render thread/WARN]: Received passengers for unknown entity
[20:52:33] [Render thread/WARN]: Received passengers for unknown entity
[20:52:33] [Render thread/WARN]: Received passengers for unknown entity
[20:52:33] [Render thread/WARN]: Received passengers for unknown entity
[20:52:33] [Render thread/WARN]: Received passengers for unknown entity
[20:52:33] [Render thread/WARN]: Received passengers for unknown entity
[20:52:33] [Render thread/WARN]: Received passengers for unknown entity
[20:52:33] [Render thread/WARN]: Received passengers for unknown entity
[20:52:33] [Render thread/WARN]: Received passengers for unknown entity
[20:52:33] [Render thread/WARN]: Received passengers for unknown entity
[20:52:33] [Render thread/WARN]: Received passengers for unknown entity
[20:52:33] [Render thread/WARN]: Received passengers for unknown entity
[20:52:33] [Render thread/WARN]: Received passengers for unknown entity
[20:52:33] [Render thread/WARN]: Received passengers for unknown entity
[20:52:33] [Render thread/WARN]: Received passengers for unknown entity
[20:52:33] [Render thread/WARN]: Received passengers for unknown entity
[20:52:33] [Render thread/WARN]: Received passengers for unknown entity
[20:52:33] [Render thread/WARN]: Received passengers for unknown entity
[20:52:33] [Render thread/WARN]: Received passengers for unknown entity
[20:52:33] [Render thread/WARN]: Received passengers for unknown entity
[20:52:33] [Render thread/WARN]: Received passengers for unknown entity
[20:52:33] [Render thread/WARN]: Received passengers for unknown entity
[20:52:33] [Render thread/WARN]: Received passengers for unknown entity
[20:52:33] [Render thread/WARN]: Received passengers for unknown entity
[20:52:33] [Render thread/WARN]: Received passengers for unknown entity
[20:52:33] [Render thread/WARN]: Received passengers for unknown entity
[20:52:33] [Render thread/WARN]: Received passengers for unknown entity
[20:52:33] [Render thread/WARN]: Received passengers for unknown entity
[20:52:33] [Render thread/WARN]: Received passengers for unknown entity
[20:52:33] [Render thread/WARN]: Received passengers for unknown entity
[20:52:33] [Render thread/WARN]: Received passengers for unknown entity
[20:52:33] [Render thread/WARN]: Received passengers for unknown entity
[20:52:33] [Render thread/WARN]: Received passengers for unknown entity
[20:52:33] [Render thread/WARN]: Received passengers for unknown entity
[20:52:33] [Render thread/WARN]: Received passengers for unknown entity
[20:52:33] [Render thread/WARN]: Received passengers for unknown entity
[20:52:33] [Render thread/WARN]: Received passengers for unknown entity
[20:52:33] [Render thread/WARN]: Received passengers for unknown entity
[20:52:33] [Render thread/WARN]: Received passengers for unknown entity
[20:52:33] [Render thread/WARN]: Received passengers for unknown entity
[20:52:33] [Render thread/WARN]: Received passengers for unknown entity
[20:52:33] [Render thread/WARN]: Received passengers for unknown entity
[20:52:33] [Render thread/WARN]: Received passengers for unknown entity
[20:52:33] [Render thread/WARN]: Received passengers for unknown entity
[20:52:33] [Render thread/WARN]: Received passengers for unknown entity
[20:52:33] [Render thread/WARN]: Received passengers for unknown entity
[20:52:33] [Render thread/WARN]: Received passengers for unknown entity
[20:52:33] [Render thread/WARN]: Received passengers for unknown entity
[20:52:33] [Render thread/WARN]: Received passengers for unknown entity
[20:52:33] [Render thread/WARN]: Received passengers for unknown entity
[20:52:33] [Render thread/WARN]: Received passengers for unknown entity
[20:52:33] [Render thread/WARN]: Received passengers for unknown entity
[20:52:33] [Render thread/WARN]: Received passengers for unknown entity
[20:52:33] [Render thread/WARN]: Received passengers for unknown entity
[20:52:33] [Render thread/WARN]: Received passengers for unknown entity
[20:52:33] [Render thread/WARN]: Received passengers for unknown entity
[20:52:33] [Render thread/WARN]: Received passengers for unknown entity
[20:52:33] [Render thread/WARN]: Received passengers for unknown entity
[20:52:33] [Render thread/WARN]: Received passengers for unknown entity
[20:52:33] [Render thread/WARN]: Received passengers for unknown entity
[20:52:33] [Render thread/WARN]: Received passengers for unknown entity
[20:52:33] [Render thread/WARN]: Received passengers for unknown entity
[20:52:33] [Render thread/WARN]: Received passengers for unknown entity
[20:52:33] [Render thread/WARN]: Received passengers for unknown entity
[20:52:33] [Render thread/WARN]: Received passengers for unknown entity
[20:52:33] [Render thread/WARN]: Received passengers for unknown entity
[20:52:33] [Render thread/WARN]: Received passengers for unknown entity
[20:52:33] [Render thread/WARN]: Received passengers for unknown entity
[20:52:33] [Render thread/WARN]: Received passengers for unknown entity
[20:52:33] [Render thread/WARN]: Received passengers for unknown entity
[20:52:33] [Render thread/WARN]: Received passengers for unknown entity
[20:52:33] [Render thread/WARN]: Received passengers for unknown entity
[20:52:33] [Render thread/WARN]: Received passengers for unknown entity
[20:52:33] [Render thread/WARN]: Received passengers for unknown entity
[20:52:33] [Render thread/WARN]: Received passengers for unknown entity
[20:52:33] [Render thread/WARN]: Received passengers for unknown entity
[20:52:33] [Render thread/WARN]: Received passengers for unknown entity
[20:52:33] [Render thread/WARN]: Received passengers for unknown entity
[20:52:33] [Render thread/WARN]: Received passengers for unknown entity
[20:52:33] [Render thread/WARN]: Received passengers for unknown entity
[20:52:33] [Render thread/WARN]: Received passengers for unknown entity
[20:52:33] [Render thread/WARN]: Received passengers for unknown entity
[20:52:33] [Render thread/WARN]: Received passengers for unknown entity
[20:52:33] [Render thread/WARN]: Received passengers for unknown entity
[20:52:33] [Render thread/WARN]: Received passengers for unknown entity
[20:52:33] [Render thread/WARN]: Received passengers for unknown entity
[20:52:33] [Render thread/WARN]: Received passengers for unknown entity
[20:52:33] [Render thread/WARN]: Received passengers for unknown entity
[20:52:33] [Render thread/WARN]: Received passengers for unknown entity
[20:52:33] [Render thread/WARN]: Received passengers for unknown entity
[20:52:33] [Render thread/WARN]: Received passengers for unknown entity
[20:52:33] [Render thread/WARN]: Received passengers for unknown entity
[20:52:33] [Render thread/WARN]: Received passengers for unknown entity
[20:52:33] [Render thread/WARN]: Received passengers for unknown entity
[20:52:33] [Render thread/WARN]: Received passengers for unknown entity
[20:52:33] [Render thread/WARN]: Received passengers for unknown entity
[20:52:33] [Render thread/WARN]: Received passengers for unknown entity
[20:52:33] [Render thread/WARN]: Received passengers for unknown entity
[20:52:33] [Render thread/WARN]: Received passengers for unknown entity
[20:52:33] [Render thread/WARN]: Received passengers for unknown entity
[20:52:33] [Render thread/WARN]: Received passengers for unknown entity
[20:52:33] [Render thread/WARN]: Received passengers for unknown entity
[20:52:33] [Render thread/WARN]: Received passengers for unknown entity
[20:52:33] [Render thread/WARN]: Received passengers for unknown entity
[20:52:33] [Render thread/WARN]: Received passengers for unknown entity
[20:52:33] [Render thread/WARN]: Received passengers for unknown entity
[20:52:33] [Render thread/WARN]: Received passengers for unknown entity
[20:52:33] [Render thread/WARN]: Received passengers for unknown entity
[20:52:33] [Render thread/WARN]: Received passengers for unknown entity
[20:52:33] [Render thread/WARN]: Received passengers for unknown entity
[20:52:34] [Server thread/INFO]: Saving and pausing game...
[20:52:34] [Server thread/INFO]: Saving chunks for level 'ServerLevel[Two bros chillen in a hot tub]'/minecraft:overworld
[20:52:34] [Server thread/INFO]: Saving chunks for level 'ServerLevel[Two bros chillen in a hot tub]'/minecraft:the_end
[20:52:34] [Server thread/INFO]: Saving chunks for level 'ServerLevel[Two bros chillen in a hot tub]'/minecraft:the_nether
[20:52:34] [Server thread/INFO]: MoonbeamMuffin lost connection: Disconnected
[20:52:34] [Server thread/INFO]: MoonbeamMuffin left the game
[20:52:34] [Server thread/INFO]: Stopping singleplayer server as player logged out
[20:52:34] [Server thread/INFO]: Stopping server
[20:52:34] [Server thread/INFO]: Saving players
[20:52:34] [Server thread/INFO]: Saving worlds
[20:52:34] [Server thread/INFO]: Saving chunks for level 'ServerLevel[Two bros chillen in a hot tub]'/minecraft:overworld
[20:52:34] [Server thread/INFO]: Saving chunks for level 'ServerLevel[Two bros chillen in a hot tub]'/minecraft:the_end
[20:52:34] [Server thread/INFO]: Saving chunks for level 'ServerLevel[Two bros chillen in a hot tub]'/minecraft:the_nether
[20:52:34] [Server thread/INFO]: ThreadedAnvilChunkStorage (Two bros chillen in a hot tub): All chunks are saved
[20:52:34] [Server thread/INFO]: ThreadedAnvilChunkStorage (DIM1): All chunks are saved
[20:52:34] [Server thread/INFO]: ThreadedAnvilChunkStorage (DIM-1): All chunks are saved
[20:52:34] [Server thread/INFO]: ThreadedAnvilChunkStorage: All dimensions are saved
[20:52:34] [Render thread/INFO]: Stopping worker threads
[20:53:04] [Render thread/INFO]: Stopping!
[20:53:04] [Render thread/INFO]: Saving configuration (client stopping)...
